(0000) 3000  0011000000000000 (   1)                 .ORIG x3000
(3000) E014  1110000000010100 (   2) LOOPER          LEA   R0 QUEST
(3001) F022  1111000000100010 (   3)                 TRAP  x22
(3002) F020  1111000000100000 (   4)                 TRAP  x20
(3003) 1420  0001010000100000 (   7)                 ADD   R2 R0 #0
(3004) 14B0  0001010010110000 (   8)                 ADD   R2 R2 #-16
(3005) 14B0  0001010010110000 (   9)                 ADD   R2 R2 #-16
(3006) 14B0  0001010010110000 (  10)                 ADD   R2 R2 #-16
(3007) E024  1110000000100100 (  12)                 LEA   R0 WEEK
(3008) 16B9  0001011010111001 (  13)                 ADD   R3 R2 #-7
(3009) 0207  0000001000000111 (  14)                 BRP   INCORR
(300A) 0406  0000010000000110 (  15)                 BRZ   INCORR
(300B) 0403  0000010000000011 (  17) LOOP            BRZ   DISPLAY
(300C) 102A  0001000000101010 (  18)                 ADD   R0 R0 #10
(300D) 14BF  0001010010111111 (  19)                 ADD   R2 R2 #-1
(300E) 0FFC  0000111111111100 (  20)                 BRNZP LOOP
(300F) F022  1111000000100010 (  22) DISPLAY         TRAP  x22
(3010) 0FEF  0000111111101111 (  23)                 BRNZP LOOPER
(3011) E060  1110000001100000 (  25) INCORR          LEA   R0 INCOR
(3012) F022  1111000000100010 (  26)                 TRAP  x22
(3013) 0E00  0000111000000000 (  27)                 BRNZP STOP
(3014) F025  1111000000100101 (  29) STOP            TRAP  x25
(3015) 0050  0000000001010000 (  31) QUEST           .FILL x0050
(3016) 006C  0000000001101100 (  31)                 .FILL x006C
(3017) 0065  0000000001100101 (  31)                 .FILL x0065
(3018) 0061  0000000001100001 (  31)                 .FILL x0061
(3019) 0073  0000000001110011 (  31)                 .FILL x0073
(301A) 0065  0000000001100101 (  31)                 .FILL x0065
(301B) 0020  0000000000100000 (  31)                 .FILL x0020
(301C) 0065  0000000001100101 (  31)                 .FILL x0065
(301D) 006E  0000000001101110 (  31)                 .FILL x006E
(301E) 0074  0000000001110100 (  31)                 .FILL x0074
(301F) 0065  0000000001100101 (  31)                 .FILL x0065
(3020) 0072  0000000001110010 (  31)                 .FILL x0072
(3021) 0020  0000000000100000 (  31)                 .FILL x0020
(3022) 006E  0000000001101110 (  31)                 .FILL x006E
(3023) 0075  0000000001110101 (  31)                 .FILL x0075
(3024) 006D  0000000001101101 (  31)                 .FILL x006D
(3025) 0062  0000000001100010 (  31)                 .FILL x0062
(3026) 0065  0000000001100101 (  31)                 .FILL x0065
(3027) 0072  0000000001110010 (  31)                 .FILL x0072
(3028) 003A  0000000000111010 (  31)                 .FILL x003A
(3029) 0020  0000000000100000 (  31)                 .FILL x0020
(302A) 000A  0000000000001010 (  31)                 .FILL x000A
(302B) 0000  0000000000000000 (  31)                 .FILL x0000
(302C) 0053  0000000001010011 (  32) WEEK            .FILL x0053
(302D) 0075  0000000001110101 (  32)                 .FILL x0075
(302E) 006E  0000000001101110 (  32)                 .FILL x006E
(302F) 0064  0000000001100100 (  32)                 .FILL x0064
(3030) 0061  0000000001100001 (  32)                 .FILL x0061
(3031) 0079  0000000001111001 (  32)                 .FILL x0079
(3032) 0020  0000000000100000 (  32)                 .FILL x0020
(3033) 0020  0000000000100000 (  32)                 .FILL x0020
(3034) 0020  0000000000100000 (  32)                 .FILL x0020
(3035) 0000  0000000000000000 (  32)                 .FILL x0000
(3036) 004D  0000000001001101 (  33)                 .FILL x004D
(3037) 006F  0000000001101111 (  33)                 .FILL x006F
(3038) 006E  0000000001101110 (  33)                 .FILL x006E
(3039) 0064  0000000001100100 (  33)                 .FILL x0064
(303A) 0061  0000000001100001 (  33)                 .FILL x0061
(303B) 0079  0000000001111001 (  33)                 .FILL x0079
(303C) 0020  0000000000100000 (  33)                 .FILL x0020
(303D) 0020  0000000000100000 (  33)                 .FILL x0020
(303E) 0020  0000000000100000 (  33)                 .FILL x0020
(303F) 0000  0000000000000000 (  33)                 .FILL x0000
(3040) 0054  0000000001010100 (  34)                 .FILL x0054
(3041) 0075  0000000001110101 (  34)                 .FILL x0075
(3042) 0065  0000000001100101 (  34)                 .FILL x0065
(3043) 0073  0000000001110011 (  34)                 .FILL x0073
(3044) 0064  0000000001100100 (  34)                 .FILL x0064
(3045) 0061  0000000001100001 (  34)                 .FILL x0061
(3046) 0079  0000000001111001 (  34)                 .FILL x0079
(3047) 0020  0000000000100000 (  34)                 .FILL x0020
(3048) 0020  0000000000100000 (  34)                 .FILL x0020
(3049) 0000  0000000000000000 (  34)                 .FILL x0000
(304A) 0057  0000000001010111 (  35)                 .FILL x0057
(304B) 0065  0000000001100101 (  35)                 .FILL x0065
(304C) 0064  0000000001100100 (  35)                 .FILL x0064
(304D) 006E  0000000001101110 (  35)                 .FILL x006E
(304E) 0065  0000000001100101 (  35)                 .FILL x0065
(304F) 0073  0000000001110011 (  35)                 .FILL x0073
(3050) 0064  0000000001100100 (  35)                 .FILL x0064
(3051) 0061  0000000001100001 (  35)                 .FILL x0061
(3052) 0079  0000000001111001 (  35)                 .FILL x0079
(3053) 0000  0000000000000000 (  35)                 .FILL x0000
(3054) 0054  0000000001010100 (  36)                 .FILL x0054
(3055) 0068  0000000001101000 (  36)                 .FILL x0068
(3056) 0075  0000000001110101 (  36)                 .FILL x0075
(3057) 0072  0000000001110010 (  36)                 .FILL x0072
(3058) 0073  0000000001110011 (  36)                 .FILL x0073
(3059) 0064  0000000001100100 (  36)                 .FILL x0064
(305A) 0061  0000000001100001 (  36)                 .FILL x0061
(305B) 0079  0000000001111001 (  36)                 .FILL x0079
(305C) 0020  0000000000100000 (  36)                 .FILL x0020
(305D) 0000  0000000000000000 (  36)                 .FILL x0000
(305E) 0046  0000000001000110 (  37)                 .FILL x0046
(305F) 0072  0000000001110010 (  37)                 .FILL x0072
(3060) 0069  0000000001101001 (  37)                 .FILL x0069
(3061) 0064  0000000001100100 (  37)                 .FILL x0064
(3062) 0061  0000000001100001 (  37)                 .FILL x0061
(3063) 0079  0000000001111001 (  37)                 .FILL x0079
(3064) 0020  0000000000100000 (  37)                 .FILL x0020
(3065) 0020  0000000000100000 (  37)                 .FILL x0020
(3066) 0020  0000000000100000 (  37)                 .FILL x0020
(3067) 0000  0000000000000000 (  37)                 .FILL x0000
(3068) 0053  0000000001010011 (  38)                 .FILL x0053
(3069) 0061  0000000001100001 (  38)                 .FILL x0061
(306A) 0074  0000000001110100 (  38)                 .FILL x0074
(306B) 0075  0000000001110101 (  38)                 .FILL x0075
(306C) 0072  0000000001110010 (  38)                 .FILL x0072
(306D) 0064  0000000001100100 (  38)                 .FILL x0064
(306E) 0061  0000000001100001 (  38)                 .FILL x0061
(306F) 0079  0000000001111001 (  38)                 .FILL x0079
(3070) 0020  0000000000100000 (  38)                 .FILL x0020
(3071) 0000  0000000000000000 (  38)                 .FILL x0000
(3072) 0049  0000000001001001 (  39) INCOR           .FILL x0049
(3073) 006E  0000000001101110 (  39)                 .FILL x006E
(3074) 0063  0000000001100011 (  39)                 .FILL x0063
(3075) 006F  0000000001101111 (  39)                 .FILL x006F
(3076) 0072  0000000001110010 (  39)                 .FILL x0072
(3077) 0072  0000000001110010 (  39)                 .FILL x0072
(3078) 0065  0000000001100101 (  39)                 .FILL x0065
(3079) 0063  0000000001100011 (  39)                 .FILL x0063
(307A) 0074  0000000001110100 (  39)                 .FILL x0074
(307B) 0020  0000000000100000 (  39)                 .FILL x0020
(307C) 0069  0000000001101001 (  39)                 .FILL x0069
(307D) 006E  0000000001101110 (  39)                 .FILL x006E
(307E) 0070  0000000001110000 (  39)                 .FILL x0070
(307F) 0075  0000000001110101 (  39)                 .FILL x0075
(3080) 0074  0000000001110100 (  39)                 .FILL x0074
(3081) 0020  0000000000100000 (  39)                 .FILL x0020
(3082) 006E  0000000001101110 (  39)                 .FILL x006E
(3083) 0065  0000000001100101 (  39)                 .FILL x0065
(3084) 0065  0000000001100101 (  39)                 .FILL x0065
(3085) 0064  0000000001100100 (  39)                 .FILL x0064
(3086) 0073  0000000001110011 (  39)                 .FILL x0073
(3087) 0020  0000000000100000 (  39)                 .FILL x0020
(3088) 0074  0000000001110100 (  39)                 .FILL x0074
(3089) 006F  0000000001101111 (  39)                 .FILL x006F
(308A) 0020  0000000000100000 (  39)                 .FILL x0020
(308B) 0062  0000000001100010 (  39)                 .FILL x0062
(308C) 0065  0000000001100101 (  39)                 .FILL x0065
(308D) 0020  0000000000100000 (  39)                 .FILL x0020
(308E) 0028  0000000000101000 (  39)                 .FILL x0028
(308F) 0030  0000000000110000 (  39)                 .FILL x0030
(3090) 002D  0000000000101101 (  39)                 .FILL x002D
(3091) 0036  0000000000110110 (  39)                 .FILL x0036
(3092) 0029  0000000000101001 (  39)                 .FILL x0029
(3093) 0020  0000000000100000 (  39)                 .FILL x0020
(3094) 006F  0000000001101111 (  39)                 .FILL x006F
(3095) 006E  0000000001101110 (  39)                 .FILL x006E
(3096) 006C  0000000001101100 (  39)                 .FILL x006C
(3097) 0079  0000000001111001 (  39)                 .FILL x0079
(3098) 003A  0000000000111010 (  39)                 .FILL x003A
(3099) 0020  0000000000100000 (  39)                 .FILL x0020
(309A) 0000  0000000000000000 (  39)                 .FILL x0000
