(0000) 3000  0011000000000000 (  13)                 .ORIG x3000
(3000) A01C  1010000000011100 (  14)                 LDI   R0 X
(3001) A21C  1010001000011100 (  16)                 LDI   R1 Y
(3002) 967F  1001011001111111 (  22)                 NOT   R3 R1
(3003) 16E1  0001011011100001 (  23)                 ADD   R3 R3 #1
(3004) 1603  0001011000000011 (  24)                 ADD   R3 R0 R3
(3005) B619  1011011000011001 (  25)                 STI   R3 X_Y
(3006) 1420  0001010000100000 (  28)                 ADD   R2 R0 #0
(3007) 0602  0000011000000010 (  29)                 BRZP  ABS_X
(3008) 94BF  1001010010111111 (  30)                 NOT   R2 R2
(3009) 14A1  0001010010100001 (  31)                 ADD   R2 R2 #1
(300A) B415  1011010000010101 (  32) ABS_X           STI   R2 ABX
(300B) 1860  0001100001100000 (  35)                 ADD   R4 R1 #0
(300C) 0602  0000011000000010 (  36)                 BRZP  ABS_Y
(300D) 993F  1001100100111111 (  37)                 NOT   R4 R4
(300E) 1921  0001100100100001 (  38)                 ADD   R4 R4 #1
(300F) B811  1011100000010001 (  39) ABS_Y           STI   R4 ABY
(3010) 993F  1001100100111111 (  42)                 NOT   R4 R4
(3011) 1921  0001100100100001 (  43)                 ADD   R4 R4 #1
(3012) 1A84  0001101010000100 (  44)                 ADD   R5 R2 R4
(3013) 0603  0000011000000011 (  45)                 BRZP  FORW
(3014) 5B60  0101101101100000 (  46)                 AND   R5 R5 #0
(3015) 1B62  0001101101100010 (  47)                 ADD   R5 R5 #2
(3016) 0204  0000001000000100 (  48)                 BRP   ZVAL
(3017) 0403  0000010000000011 (  50) FORW            BRZ   ZVAL
(3018) 5B60  0101101101100000 (  51)                 AND   R5 R5 #0
(3019) 1B61  0001101101100001 (  52)                 ADD   R5 R5 #1
(301A) 0200  0000001000000000 (  53)                 BRP   ZVAL
(301B) BA06  1011101000000110 (  55) ZVAL            STI   R5 Z
(301C) F025  1111000000100101 (  57)                 TRAP  x25
(301D) 3120  0011000100100000 (  58) X               .FILL x3120
(301E) 3121  0011000100100001 (  60) Y               .FILL x3121
(301F) 3122  0011000100100010 (  62) X_Y             .FILL x3122
(3020) 3123  0011000100100011 (  64) ABX             .FILL x3123
(3021) 3124  0011000100100100 (  66) ABY             .FILL x3124
(3022) 3125  0011000100100101 (  68) Z               .FILL x3125
